<?xml version="1.0" encoding="UTF-8"?>
<!-- Generated by org.testng.reporters.JUnitReportReporter -->
<testsuite hostname="Ramachandran" name="RESTBDDTests.GETTest" tests="1" failures="0" timestamp="17 May 2020 07:51:23 GMT" time="3.294" errors="0">
  <testcase name="getTest" time="3.294" classname="RESTBDDTests.GETTest"/>
</testsuite> <!-- RESTBDDTests.GETTest -->
