<?xml version="1.0" encoding="UTF-8"?>
<!-- Generated by org.testng.reporters.JUnitReportReporter -->
<testsuite hostname="Ramachandran" name="RESTBDDTests.TestRESTValidations" tests="1" failures="0" timestamp="18 May 2020 15:44:44 GMT" time="2.294" errors="0">
  <testcase name="TC_05_verifySingleContentInResponseHeader" time="2.294" classname="RESTBDDTests.TestRESTValidations"/>
</testsuite> <!-- RESTBDDTests.TestRESTValidations -->
