<?xml version="1.0" encoding="UTF-8"?>
<!-- Generated by org.testng.reporters.JUnitReportReporter -->
<testsuite hostname="Ramachandran" name="RESTBDDTests.PUTTestUsingHashMap" tests="1" failures="0" timestamp="18 May 2020 18:14:40 GMT" time="5.437" errors="0">
  <testcase name="putTestUsingHashmap" time="5.437" classname="RESTBDDTests.PUTTestUsingHashMap"/>
</testsuite> <!-- RESTBDDTests.PUTTestUsingHashMap -->
