<?xml version="1.0" encoding="UTF-8"?>
<!-- Generated by org.testng.reporters.JUnitReportReporter -->
<testsuite skipped="0" hostname="BLRPTMAMBILY" name="RESTBDDTests.POSTTest" tests="1" failures="0" timestamp="15 May 2020 17:20:48 GMT" time="2.736" errors="0">
  <testcase name="postTest" time="2.736" classname="RESTBDDTests.POSTTest"/>
</testsuite> <!-- RESTBDDTests.POSTTest -->
