<?xml version="1.0" encoding="UTF-8"?>
<!-- Generated by org.testng.reporters.JUnitReportReporter -->
<testsuite hostname="Ramachandran" name="RESTBDDTests.DiffBetweenHeraderAndHeaders" tests="2" failures="0" timestamp="19 May 2020 08:39:00 GMT" time="2.602" errors="0">
  <testcase name="headerTest" time="2.602" classname="RESTBDDTests.DiffBetweenHeraderAndHeaders"/>
  <testcase name="headersTest" time="0.000" classname="RESTBDDTests.DiffBetweenHeraderAndHeaders"/>
</testsuite> <!-- RESTBDDTests.DiffBetweenHeraderAndHeaders -->
